  Compiling CUDA source file kernel.cu...
  
  C:\Users\alam23\source\repos\Lab2\Lab2>"C:\Program Files\NVIDIA GPU Computing Toolkit\CUDA\v10.1\bin\nvcc.exe" -gencode=arch=compute_35,code=\"sm_35,compute_35\" --use-local-env -ccbin "C:\Program Files (x86)\Microsoft Visual Studio\2019\Community\VC\Tools\MSVC\14.22.27905\bin\HostX86\x64" -x cu  -I"C:\Program Files\NVIDIA GPU Computing Toolkit\CUDA\v10.1\include" -I"C:\Program Files\NVIDIA GPU Computing Toolkit\CUDA\v10.1\include"  -G   --keep-dir x64\Debug -maxrregcount=0  --machine 64 --compile -cudart static  -g   -DWIN32 -DWIN64 -D_DEBUG -D_CONSOLE -D_MBCS -Xcompiler "/EHsc /W3 /nologo /Od /Fdx64\Debug\vc142.pdb /FS /Zi /RTC1 /MDd " -o x64\Debug\kernel.cu.obj "C:\Users\alam23\source\repos\Lab2\Lab2\kernel.cu" 
C:/Users/alam23/source/repos/Lab2/Lab2/kernel.cu(148): warning : non-POD class type passed through ellipsis
  
C:/Users/alam23/source/repos/Lab2/Lab2/kernel.cu(197): warning : variable "time_spent" was declared but never referenced
  
C:/Users/alam23/source/repos/Lab2/Lab2/kernel.cu(232): warning : conversion from a string literal to "char *" is deprecated
  
C:/Users/alam23/source/repos/Lab2/Lab2/kernel.cu(232): warning : conversion from a string literal to "char *" is deprecated
  
C:/Users/alam23/source/repos/Lab2/Lab2/kernel.cu(220): warning : variable "weight_size" was declared but never referenced
  
C:/Users/alam23/source/repos/Lab2/Lab2/kernel.cu(148): warning : non-POD class type passed through ellipsis
  
C:/Users/alam23/source/repos/Lab2/Lab2/kernel.cu(232): warning : conversion from a string literal to "char *" is deprecated
  
C:/Users/alam23/source/repos/Lab2/Lab2/kernel.cu(232): warning : conversion from a string literal to "char *" is deprecated
  
  kernel.cu
C:\Users\alam23\source\repos\Lab2\Lab2\lodepng.c(773): warning C4334: '<<': result of 32-bit shift implicitly converted to 64 bits (was 64-bit shift intended?)
C:\Users\alam23\source\repos\Lab2\Lab2\lodepng.c(1437): warning C4267: '=': conversion from 'size_t' to 'int', possible loss of data
C:\Users\alam23\source\repos\Lab2\Lab2\lodepng.c(1441): warning C4267: '=': conversion from 'size_t' to 'int', possible loss of data
C:\Users\alam23\source\repos\Lab2\Lab2\lodepng.c(1513): warning C4267: '=': conversion from 'size_t' to 'unsigned int', possible loss of data
C:\Users\alam23\source\repos\Lab2\Lab2\lodepng.c(3435): warning C4334: '<<': result of 32-bit shift implicitly converted to 64 bits (was 64-bit shift intended?)
C:\Users\alam23\source\repos\Lab2\Lab2\lodepng.c(3441): warning C4267: 'argument': conversion from 'size_t' to 'unsigned int', possible loss of data
C:\Users\alam23\source\repos\Lab2\Lab2\lodepng.c(4244): warning C4267: '=': conversion from 'size_t' to 'unsigned int', possible loss of data
C:\Users\alam23\source\repos\Lab2\Lab2\lodepng.c(4292): warning C4267: '=': conversion from 'size_t' to 'unsigned int', possible loss of data
C:\Users\alam23\source\repos\Lab2\Lab2\lodepng.c(4372): warning C4267: '=': conversion from 'size_t' to 'unsigned int', possible loss of data
C:\Users\alam23\source\repos\Lab2\Lab2\lodepng.c(5312): warning C4267: 'initializing': conversion from 'size_t' to 'unsigned int', possible loss of data
  Lab2.vcxproj -> C:\Users\alam23\source\repos\Lab2\x64\Debug\Lab2.exe
